[0.566s] Invoking command in '/workspace/Practice02/src/task01': PYTHONPATH=/workspace/Practice02/src/task01/build/task01/prefix_override:/usr/lib/python3/dist-packages/colcon_core/task/python/colcon_distutils_commands:/workspace/Practice02/src/task01/install/task01/lib/python3.10/site-packages:${PYTHONPATH} /usr/bin/python3 -W ignore:setup.py install is deprecated setup.py egg_info --egg-base build/task01 build --build-base /workspace/Practice02/src/task01/build/task01/build install --record /workspace/Practice02/src/task01/build/task01/install.log --single-version-externally-managed install_data
[0.767s] running egg_info
[0.768s] creating build/task01/task01.egg-info
[0.768s] writing build/task01/task01.egg-info/PKG-INFO
[0.769s] writing dependency_links to build/task01/task01.egg-info/dependency_links.txt
[0.769s] writing entry points to build/task01/task01.egg-info/entry_points.txt
[0.769s] writing requirements to build/task01/task01.egg-info/requires.txt
[0.769s] writing top-level names to build/task01/task01.egg-info/top_level.txt
[0.769s] writing manifest file 'build/task01/task01.egg-info/SOURCES.txt'
[0.771s] reading manifest file 'build/task01/task01.egg-info/SOURCES.txt'
[0.772s] writing manifest file 'build/task01/task01.egg-info/SOURCES.txt'
[0.772s] running build
[0.772s] running build_py
[0.772s] creating /workspace/Practice02/src/task01/build/task01/build
[0.772s] creating /workspace/Practice02/src/task01/build/task01/build/lib
[0.772s] creating /workspace/Practice02/src/task01/build/task01/build/lib/task01
[0.773s] copying task01/receiver.py -> /workspace/Practice02/src/task01/build/task01/build/lib/task01
[0.773s] copying task01/__init__.py -> /workspace/Practice02/src/task01/build/task01/build/lib/task01
[0.773s] running install
[0.773s] running install_lib
[0.774s] creating /workspace/Practice02/src/task01/install/task01/lib/python3.10/site-packages/task01
[0.774s] copying /workspace/Practice02/src/task01/build/task01/build/lib/task01/receiver.py -> /workspace/Practice02/src/task01/install/task01/lib/python3.10/site-packages/task01
[0.774s] copying /workspace/Practice02/src/task01/build/task01/build/lib/task01/__init__.py -> /workspace/Practice02/src/task01/install/task01/lib/python3.10/site-packages/task01
[0.775s] byte-compiling /workspace/Practice02/src/task01/install/task01/lib/python3.10/site-packages/task01/receiver.py to receiver.cpython-310.pyc
[0.775s] Sorry: TabError: inconsistent use of tabs and spaces in indentation (receiver.py, line 9)
[0.775s] byte-compiling /workspace/Practice02/src/task01/install/task01/lib/python3.10/site-packages/task01/__init__.py to __init__.cpython-310.pyc
[0.775s] running install_data
[0.776s] creating /workspace/Practice02/src/task01/install/task01/share/ament_index
[0.776s] creating /workspace/Practice02/src/task01/install/task01/share/ament_index/resource_index
[0.776s] creating /workspace/Practice02/src/task01/install/task01/share/ament_index/resource_index/packages
[0.776s] copying resource/task01 -> /workspace/Practice02/src/task01/install/task01/share/ament_index/resource_index/packages
[0.776s] copying package.xml -> /workspace/Practice02/src/task01/install/task01/share/task01
[0.776s] creating /workspace/Practice02/src/task01/install/task01/share/task01/launch
[0.776s] copying launch/task01.launch -> /workspace/Practice02/src/task01/install/task01/share/task01/launch
[0.776s] running install_egg_info
[0.779s] Copying build/task01/task01.egg-info to /workspace/Practice02/src/task01/install/task01/lib/python3.10/site-packages/task01-0.0.0-py3.10.egg-info
[0.780s] running install_scripts
[0.800s] Installing receiver script to /workspace/Practice02/src/task01/install/task01/lib/task01
[0.800s] writing list of installed files to '/workspace/Practice02/src/task01/build/task01/install.log'
[0.825s] Invoked command in '/workspace/Practice02/src/task01' returned '0': PYTHONPATH=/workspace/Practice02/src/task01/build/task01/prefix_override:/usr/lib/python3/dist-packages/colcon_core/task/python/colcon_distutils_commands:/workspace/Practice02/src/task01/install/task01/lib/python3.10/site-packages:${PYTHONPATH} /usr/bin/python3 -W ignore:setup.py install is deprecated setup.py egg_info --egg-base build/task01 build --build-base /workspace/Practice02/src/task01/build/task01/build install --record /workspace/Practice02/src/task01/build/task01/install.log --single-version-externally-managed install_data
