[0.512s] Invoking command in '/workspace/Practice02/src/task01': PYTHONPATH=/workspace/Practice02/src/task01/build/task01/prefix_override:/usr/lib/python3/dist-packages/colcon_core/task/python/colcon_distutils_commands:/workspace/Practice02/src/task01/install/task01/lib/python3.10/site-packages:${PYTHONPATH} /usr/bin/python3 -W ignore:setup.py install is deprecated setup.py egg_info --egg-base build/task01 build --build-base /workspace/Practice02/src/task01/build/task01/build install --record /workspace/Practice02/src/task01/build/task01/install.log --single-version-externally-managed install_data
[0.709s] running egg_info
[0.710s] writing build/task01/task01.egg-info/PKG-INFO
[0.710s] writing dependency_links to build/task01/task01.egg-info/dependency_links.txt
[0.710s] writing entry points to build/task01/task01.egg-info/entry_points.txt
[0.711s] writing requirements to build/task01/task01.egg-info/requires.txt
[0.711s] writing top-level names to build/task01/task01.egg-info/top_level.txt
[0.712s] reading manifest file 'build/task01/task01.egg-info/SOURCES.txt'
[0.713s] writing manifest file 'build/task01/task01.egg-info/SOURCES.txt'
[0.713s] running build
[0.714s] running build_py
[0.714s] copying task01/receiver.py -> /workspace/Practice02/src/task01/build/task01/build/lib/task01
[0.714s] running install
[0.715s] running install_lib
[0.715s] copying /workspace/Practice02/src/task01/build/task01/build/lib/task01/receiver.py -> /workspace/Practice02/src/task01/install/task01/lib/python3.10/site-packages/task01
[0.717s] byte-compiling /workspace/Practice02/src/task01/install/task01/lib/python3.10/site-packages/task01/receiver.py to receiver.cpython-310.pyc
[0.717s] running install_data
[0.718s] running install_egg_info
[0.719s] removing '/workspace/Practice02/src/task01/install/task01/lib/python3.10/site-packages/task01-0.0.0-py3.10.egg-info' (and everything under it)
[0.720s] Copying build/task01/task01.egg-info to /workspace/Practice02/src/task01/install/task01/lib/python3.10/site-packages/task01-0.0.0-py3.10.egg-info
[0.721s] running install_scripts
[0.742s] Installing receiver script to /workspace/Practice02/src/task01/install/task01/lib/task01
[0.742s] writing list of installed files to '/workspace/Practice02/src/task01/build/task01/install.log'
[0.765s] Invoked command in '/workspace/Practice02/src/task01' returned '0': PYTHONPATH=/workspace/Practice02/src/task01/build/task01/prefix_override:/usr/lib/python3/dist-packages/colcon_core/task/python/colcon_distutils_commands:/workspace/Practice02/src/task01/install/task01/lib/python3.10/site-packages:${PYTHONPATH} /usr/bin/python3 -W ignore:setup.py install is deprecated setup.py egg_info --egg-base build/task01 build --build-base /workspace/Practice02/src/task01/build/task01/build install --record /workspace/Practice02/src/task01/build/task01/install.log --single-version-externally-managed install_data
